[LOG] System::create                           : Header version = 2.01.08. Current version = 2.01.08.
[LOG] Manager::init                            : maxchannels = 256 studioflags = 00000006 flags 00000000 extradriverdata 0000000000000000.
[LOG] SystemI::init                            : Initialize version=20108 (114339), maxchannels=256, flags=0x00020000
[LOG] SystemI::setOutputInternal               : Setting output to 'FMOD WASAPI Output'
[LOG] OutputWASAPI::init                       : Mix Format (WAVEFORMATEX): wFormatTag=0xFFFE, nChannels=2, nSamplesPerSec=48000, nAvgBytesPerSec=384000, nBlockAlign=8, wBitsPerSample=32, cbSize=22.
[LOG] OutputWASAPI::init                       : Mix Format (WAVEFORMATEXTENSIBLE): wValidBitsPerSample=32, dwChannelMask=0x00000003, SubFormat=00000003-0000-0010-8000-00AA00389B71.
[LOG] OutputWASAPI::init                       : Output buffer size: 4096 samples, latency: 0.00ms, period: 10.00ms, DSP buffer: 1024 * 4
[LOG] Thread::initThread                       : Init FMOD stream thread. Affinity: 0x8000000000000003, Priority: 0xFFFF7FFB, Stack Size: 98304, Semaphore: No, Sleep Time: 10, Looping: Yes.
[LOG] Thread::initThread                       : Init FMOD mixer thread. Affinity: 0x8000000000000001, Priority: 0xFFFF7FFA, Stack Size: 81920, Semaphore: No, Sleep Time: 0, Looping: Yes.
[LOG] AsyncManager::init                       : manager 00000244CA0EE518 isAsync 0 updatePeriod 0.02
[LOG] AsyncManager::init                       : done
[LOG] PlaybackSystem::init                     : 
[LOG] Thread::initThread                       : Init FMOD Studio sample load thread. Affinity: 0x8000000000000003, Priority: 0xFFFF7FFD, Stack Size: 98304, Semaphore: No, Sleep Time: 1, Looping: No.
[LOG] PlaybackSystem::init                     : done
[LOG] Thread::initThread                       : Init FMOD Studio bank load thread. Affinity: 0x8000000000000003, Priority: 0xFFFF7FFD, Stack Size: 98304, Semaphore: No, Sleep Time: 1, Looping: No.
[LOG] Manager::init                            : done.
[LOG] Manager::readBank                        : fileversion = 135, compatVersion = 132 (oldest = 44, newest = 135)
[LOG] Manager::readBank                        : fileversion = 135, compatVersion = 132 (oldest = 44, newest = 135)
[LOG] Manager::readBank                        : fileversion = 135, compatVersion = 132 (oldest = 44, newest = 135)
[LOG] Manager::readBank                        : fileversion = 135, compatVersion = 132 (oldest = 44, newest = 135)
[WRN] PlaylistInstrumentInstance::startFullLengthHook : Attempting to schedule a sound in the past, this could cause inaccurate playback.
[WRN] PlaylistInstrumentInstance::startFullLengthHook : Attempting to schedule a sound in the past, this could cause inaccurate playback.
[WRN] PlaylistInstrumentInstance::startFullLengthHook : Attempting to schedule a sound in the past, this could cause inaccurate playback.
[WRN] PlaylistInstrumentInstance::startFullLengthHook : Attempting to schedule a sound in the past, this could cause inaccurate playback.
[WRN] PlaylistInstrumentInstance::startFullLengthHook : Attempting to schedule a sound in the past, this could cause inaccurate playback.
[WRN] PlaylistInstrumentInstance::startFullLengthHook : Attempting to schedule a sound in the past, this could cause inaccurate playback.
[WRN] PlaylistInstrumentInstance::startFullLengthHook : Attempting to schedule a sound in the past, this could cause inaccurate playback.
[WRN] PlaylistInstrumentInstance::startFullLengthHook : Attempting to schedule a sound in the past, this could cause inaccurate playback.
[LOG] SystemI::createSoundInternal             : Create name='', mode=0x02000202
[LOG] SystemI::createSoundInternal             : exinfo->cbsize             = 224
[LOG] SystemI::createSoundInternal             : exinfo->length             = 970944
[LOG] SystemI::createSoundInternal             : exinfo->fileoffset         = 20224
[LOG] SystemI::createSoundInternal             : exinfo->numsubsounds       = 1
[LOG] SystemI::createSoundInternal             : exinfo->inclusionlist      = 0000004FB7CEF1D8
[LOG] SystemI::createSoundInternal             : exinfo->inclusionlistnum   = 1
[LOG] SystemI::createSoundInternal             : exinfo->suggestedsoundtype = 5
[LOG] SystemI::createSoundInternal             : exinfo->useropen           = 00007FFECF277B10
[LOG] SystemI::createSoundInternal             : exinfo->userclose          = 00007FFECF277AE0
[LOG] SystemI::createSoundInternal             : exinfo->userread           = 00007FFECF277BE0
[LOG] SystemI::createSoundInternal             : exinfo->userseek           = 00007FFECF277CA0
[LOG] SystemI::createSoundInternal             : exinfo->fileuserdata       = 00000244BC58E3F8
[LOG] SystemI::createSoundInternal             : exinfo->initialseekpostype = 1
[LOG] SystemI::DSPCodecPoolRegister            : register codec pool for pool type 5
[LOG] SystemI::createSoundInternal             : Sample 0/1: name='CollectAstronaut', format=5, channels=2, frequency=48000, lengthbytes=19552, lengthpcm=86551, pcmblocksize=0, loopstart=0, loopend=0, mode=0x00000000, channelmask=0x00000000, channelorder=0, peakvolume=0.498128.
[LOG] SystemI::createSoundInternal             : Create name='', mode=0x02000202
[LOG] SystemI::createSoundInternal             : exinfo->cbsize             = 224
[LOG] SystemI::createSoundInternal             : exinfo->length             = 970944
[LOG] SystemI::createSoundInternal             : exinfo->fileoffset         = 20224
[LOG] SystemI::createSoundInternal             : exinfo->numsubsounds       = 1
[LOG] SystemI::createSoundInternal             : exinfo->inclusionlist      = 0000004FB7CEF1D8
[LOG] SystemI::createSoundInternal             : exinfo->inclusionlistnum   = 1
[LOG] SystemI::createSoundInternal             : exinfo->suggestedsoundtype = 5
[LOG] SystemI::createSoundInternal             : exinfo->useropen           = 00007FFECF277B10
[LOG] SystemI::createSoundInternal             : exinfo->userclose          = 00007FFECF277AE0
[LOG] SystemI::createSoundInternal             : exinfo->userread           = 00007FFECF277BE0
[LOG] SystemI::createSoundInternal             : exinfo->userseek           = 00007FFECF277CA0
[LOG] SystemI::createSoundInternal             : exinfo->fileuserdata       = 00000244BC58EC38
[LOG] SystemI::createSoundInternal             : exinfo->initialseekpostype = 1
[LOG] SystemI::DSPCodecPoolRegister            : register codec pool for pool type 5
[LOG] SystemI::createSoundInternal             : Sample 0/1: name='EnterPauseMenu', format=5, channels=2, frequency=48000, lengthbytes=13056, lengthpcm=24559, pcmblocksize=0, loopstart=0, loopend=0, mode=0x00000000, channelmask=0x00000000, channelorder=0, peakvolume=0.152184.
[WRN] PlaylistInstrumentInstance::startFullLengthHook : Attempting to schedule a sound in the past, this could cause inaccurate playback.
[WRN] PlaylistInstrumentInstance::startFullLengthHook : Attempting to schedule a sound in the past, this could cause inaccurate playback.
[WRN] PlaylistInstrumentInstance::startFullLengthHook : Attempting to schedule a sound in the past, this could cause inaccurate playback.
[WRN] PlaylistInstrumentInstance::startFullLengthHook : Attempting to schedule a sound in the past, this could cause inaccurate playback.
[WRN] PlaylistInstrumentInstance::startFullLengthHook : Attempting to schedule a sound in the past, this could cause inaccurate playback.
[WRN] PlaylistInstrumentInstance::startFullLengthHook : Attempting to schedule a sound in the past, this could cause inaccurate playback.
[WRN] PlaylistInstrumentInstance::startFullLengthHook : Attempting to schedule a sound in the past, this could cause inaccurate playback.
[LOG] SoundI::release                          :  (00000244BB89A3F8)
[LOG] SoundI::release                          :     EnterPauseMenu (00000244CA71F2C8)
[LOG] SoundI::release                          :  (00000244BC0B4978)
[LOG] SoundI::release                          :     ShipTilt (0000024436A98738)
[LOG] SoundI::release                          :  (00000244BC0B2138)
[LOG] SoundI::release                          :     DialogIntro (0000024436A98598)
[LOG] SoundI::release                          : 459977__florianreichelt__soft-wind (00000244C9F1BC78)
[LOG] SoundI::release                          :     459977__florianreichelt__soft-wind (0000024436A97558)
[LOG] SoundI::release                          :     459977__florianreichelt__soft-wind (00000244C9F1DE38)
[LOG] SoundI::release                          :  (00000244BC0B36C8)
[LOG] SoundI::release                          :     AstroDistressCall1 (0000024436A983F8)
[LOG] SoundI::release                          :  (00000244BC0B39A8)
[LOG] SoundI::release                          :     AstroDistressCall2 (0000024436A99F98)
[LOG] SoundI::release                          :  (00000244BC0AFEB8)
[LOG] SoundI::release                          :     AstroDistressCall3 (0000024436A973B8)
[LOG] SoundI::release                          :  (00000244BC0B3558)
[LOG] SoundI::release                          :     AstroDistressCall4 (0000024436A98A78)
[LOG] SoundI::release                          :  (00000244BC0B0FF8)
[LOG] SoundI::release                          :     ShipPing (0000024436A9A2D8)
[LOG] SoundI::release                          :  (00000244BC0B3B18)
[LOG] SoundI::release                          :     ShipLoop (0000024436A97218)
[LOG] SoundI::release                          :  (00000244BB899FA8)
[LOG] SoundI::release                          :     CollectAstronaut (00000244CA71D0A8)
[LOG] Thread::callback                         : FMOD Studio update thread finished.
[LOG] Thread::callback                         : FMOD Studio bank load thread finished.
[LOG] Profile::disconnectAll                   : Profiler disconnecting all clients
[LOG] Thread::callback                         : FMOD Studio sample load thread finished.
[LOG] LiveUpdate::release                      : 
[LOG] LiveUpdate::reset                        : Reset connection (reason Disconnected)
[LOG] Thread::callback                         : FMOD stream thread finished.
[LOG] Thread::callback                         : FMOD mixer thread finished.
[LOG] Profile::disconnectAll                   : Profiler disconnecting all clients
[LOG] SystemI::close                           : Closed.
[LOG] Manager::readBank                        : fileversion = 135, compatVersion = 132 (oldest = 44, newest = 135)
[LOG] Manager::readBank                        : fileversion = 135, compatVersion = 132 (oldest = 44, newest = 135)
